{"total": {"lines":{"total":150,"covered":143,"skipped":0,"pct":95.33},"statements":{"total":167,"covered":154,"skipped":0,"pct":92.21},"functions":{"total":27,"covered":27,"skipped":0,"pct":100},"branches":{"total":123,"covered":92,"skipped":0,"pct":74.79},"branchesTrue":{"total":0,"covered":0,"skipped":0,"pct":"Unknown"}}
,"/Users/fernandoscasserra/code/YieldMaster/services/bankDiscounts.ts": {"lines":{"total":15,"covered":15,"skipped":0,"pct":100},"functions":{"total":2,"covered":2,"skipped":0,"pct":100},"statements":{"total":15,"covered":15,"skipped":0,"pct":100},"branches":{"total":8,"covered":6,"skipped":0,"pct":75}}
,"/Users/fernandoscasserra/code/YieldMaster/services/bankRates.ts": {"lines":{"total":16,"covered":16,"skipped":0,"pct":100},"functions":{"total":2,"covered":2,"skipped":0,"pct":100},"statements":{"total":16,"covered":16,"skipped":0,"pct":100},"branches":{"total":8,"covered":6,"skipped":0,"pct":75}}
,"/Users/fernandoscasserra/code/YieldMaster/services/gmail.ts": {"lines":{"total":23,"covered":22,"skipped":0,"pct":95.65},"functions":{"total":7,"covered":7,"skipped":0,"pct":100},"statements":{"total":31,"covered":30,"skipped":0,"pct":96.77},"branches":{"total":27,"covered":24,"skipped":0,"pct":88.88}}
,"/Users/fernandoscasserra/code/YieldMaster/services/googleCalendar.ts": {"lines":{"total":6,"covered":6,"skipped":0,"pct":100},"functions":{"total":1,"covered":1,"skipped":0,"pct":100},"statements":{"total":6,"covered":6,"skipped":0,"pct":100},"branches":{"total":6,"covered":5,"skipped":0,"pct":83.33}}
,"/Users/fernandoscasserra/code/YieldMaster/services/googleChat.ts": {"lines":{"total":13,"covered":13,"skipped":0,"pct":100},"functions":{"total":3,"covered":3,"skipped":0,"pct":100},"statements":{"total":13,"covered":13,"skipped":0,"pct":100},"branches":{"total":10,"covered":8,"skipped":0,"pct":80}}
,"/Users/fernandoscasserra/code/YieldMaster/services/googleSheets.ts": {"lines":{"total":60,"covered":56,"skipped":0,"pct":93.33},"functions":{"total":10,"covered":10,"skipped":0,"pct":100},"statements":{"total":69,"covered":59,"skipped":0,"pct":85.5},"branches":{"total":56,"covered":36,"skipped":0,"pct":64.28}}
,"/Users/fernandoscasserra/code/YieldMaster/services/notifications.ts": {"lines":{"total":17,"covered":15,"skipped":0,"pct":88.23},"functions":{"total":2,"covered":2,"skipped":0,"pct":100},"statements":{"total":17,"covered":15,"skipped":0,"pct":88.23},"branches":{"total":8,"covered":7,"skipped":0,"pct":87.5}}
}
