TN:
SF:services/bankDiscounts.ts
FN:11,fetchDailyDiscounts
FN:53,(anonymous_1)
FNF:2
FNH:2
FNDA:3,fetchDailyDiscounts
FNDA:2,(anonymous_1)
DA:12,3
DA:13,3
DA:15,3
DA:19,3
DA:50,3
DA:51,3
DA:52,3
DA:53,2
DA:54,2
DA:55,2
DA:60,3
DA:61,3
DA:62,3
DA:68,1
DA:69,1
LF:15
LH:15
BRDA:52,0,0,2
BRDA:52,0,1,1
BRDA:54,1,0,2
BRDA:54,1,1,0
BRDA:55,2,0,2
BRDA:55,2,1,1
BRDA:61,3,0,3
BRDA:61,3,1,0
BRF:8
BRH:6
end_of_record
TN:
SF:services/bankRates.ts
FN:10,fetchPublicBankRates
FN:43,(anonymous_1)
FNF:2
FNH:2
FNDA:3,fetchPublicBankRates
FNDA:2,(anonymous_1)
DA:12,3
DA:14,3
DA:18,3
DA:39,3
DA:40,3
DA:42,3
DA:43,2
DA:44,2
DA:45,2
DA:53,3
DA:55,3
DA:57,3
DA:58,3
DA:59,3
DA:61,1
DA:62,1
LF:16
LH:16
BRDA:42,0,0,2
BRDA:42,0,1,1
BRDA:44,1,0,2
BRDA:44,1,1,0
BRDA:46,2,0,2
BRDA:46,2,1,1
BRDA:58,3,0,3
BRDA:58,3,1,0
BRF:8
BRH:6
end_of_record
TN:
SF:services/gmail.ts
FN:4,fetchBankEmails
FN:8,(anonymous_1)
FN:20,(anonymous_2)
FN:27,(anonymous_3)
FN:28,(anonymous_4)
FN:29,(anonymous_5)
FN:34,(anonymous_6)
FNF:7
FNH:7
FNDA:5,fetchBankEmails
FNDA:4,(anonymous_1)
FNDA:2,(anonymous_2)
FNDA:1,(anonymous_3)
FNDA:2,(anonymous_4)
FNDA:3,(anonymous_5)
FNDA:1,(anonymous_6)
DA:5,5
DA:8,4
DA:9,4
DA:11,4
DA:15,4
DA:17,3
DA:18,3
DA:20,2
DA:21,2
DA:24,2
DA:26,2
DA:27,2
DA:28,2
DA:29,3
DA:32,2
DA:33,2
DA:34,1
DA:35,1
DA:36,1
DA:38,1
DA:39,0
DA:42,2
DA:53,2
LF:23
LH:22
BRDA:5,0,0,1
BRDA:5,0,1,4
BRDA:15,1,0,1
BRDA:15,1,1,3
BRDA:18,2,0,1
BRDA:18,2,1,2
BRDA:27,3,0,2
BRDA:27,3,1,1
BRDA:28,4,0,2
BRDA:28,4,1,1
BRDA:29,5,0,2
BRDA:29,5,1,1
BRDA:33,6,0,1
BRDA:33,6,1,1
BRDA:34,7,0,1
BRDA:34,7,1,0
BRDA:35,8,0,1
BRDA:35,8,1,0
BRDA:35,9,0,1
BRDA:35,9,1,1
BRDA:35,9,2,1
BRDA:38,10,0,0
BRDA:38,10,1,1
BRDA:38,11,0,1
BRDA:38,11,1,1
BRDA:49,12,0,2
BRDA:49,12,1,1
BRF:27
BRH:24
end_of_record
TN:
SF:services/googleCalendar.ts
FN:2,createMaturityReminder
FNF:1
FNH:1
FNDA:2,createMaturityReminder
DA:9,2
DA:29,2
DA:38,2
DA:39,1
DA:40,1
DA:43,1
LF:6
LH:6
BRDA:11,0,0,1
BRDA:11,0,1,1
BRDA:38,1,0,1
BRDA:38,1,1,1
BRDA:40,2,0,1
BRDA:40,2,1,0
BRF:6
BRH:5
end_of_record
TN:
SF:services/googleChat.ts
FN:4,fetchChatSpaces
FN:18,sendChatCard
FN:37,(anonymous_2)
FNF:3
FNH:3
FNDA:2,fetchChatSpaces
FNDA:2,sendChatCard
FNDA:1,(anonymous_2)
DA:5,2
DA:9,2
DA:10,1
DA:11,1
DA:14,1
DA:15,1
DA:25,2
DA:37,1
DA:49,2
DA:58,2
DA:59,1
DA:60,1
DA:63,1
LF:13
LH:13
BRDA:9,0,0,1
BRDA:9,0,1,1
BRDA:11,1,0,1
BRDA:11,1,1,0
BRDA:15,2,0,1
BRDA:15,2,1,0
BRDA:58,3,0,1
BRDA:58,3,1,1
BRDA:60,4,0,1
BRDA:60,4,1,1
BRF:10
BRH:8
end_of_record
TN:
SF:services/googleSheets.ts
FN:9,handleResponseError
FN:20,fetchBanksFromSheet
FN:33,(anonymous_2)
FN:43,saveBanksToSheet
FN:46,(anonymous_4)
FN:63,fetchBalancesFromSheet
FN:82,saveBalancesToSheet
FN:102,getOrCreateSpreadsheet
FN:138,getOrCreateFolder
FN:167,uploadImageToDrive
FNF:10
FNH:10
FNDA:2,handleResponseError
FNDA:3,fetchBanksFromSheet
FNDA:1,(anonymous_2)
FNDA:1,saveBanksToSheet
FNDA:1,(anonymous_4)
FNDA:2,fetchBalancesFromSheet
FNDA:1,saveBalancesToSheet
FNDA:2,getOrCreateSpreadsheet
FNDA:1,getOrCreateFolder
FNDA:1,uploadImageToDrive
DA:4,1
DA:5,1
DA:6,1
DA:7,1
DA:10,2
DA:11,2
DA:12,2
DA:13,1
DA:15,1
DA:17,2
DA:21,3
DA:25,3
DA:26,2
DA:27,1
DA:30,1
DA:31,1
DA:33,1
DA:44,1
DA:46,1
DA:49,1
DA:58,1
DA:59,0
DA:64,2
DA:68,2
DA:69,1
DA:70,0
DA:73,1
DA:74,1
DA:76,1
DA:83,1
DA:88,1
DA:97,1
DA:98,1
DA:103,2
DA:107,2
DA:109,2
DA:110,2
DA:111,1
DA:114,1
DA:129,1
DA:130,1
DA:131,1
DA:139,1
DA:143,1
DA:145,1
DA:146,1
DA:147,0
DA:150,1
DA:162,1
DA:163,1
DA:164,1
DA:168,1
DA:169,1
DA:170,1
DA:172,1
DA:179,1
DA:188,1
DA:197,1
DA:198,0
DA:200,1
LF:60
LH:56
BRDA:13,0,0,1
BRDA:13,0,1,0
BRDA:25,1,0,2
BRDA:25,1,1,1
BRDA:26,2,0,1
BRDA:26,2,1,1
BRDA:31,3,0,0
BRDA:31,3,1,1
BRDA:31,4,0,1
BRDA:31,4,1,1
BRDA:36,5,0,1
BRDA:36,5,1,0
BRDA:37,6,0,1
BRDA:37,6,1,0
BRDA:38,7,0,1
BRDA:38,7,1,0
BRDA:39,8,0,1
BRDA:39,8,1,0
BRDA:46,9,0,1
BRDA:46,9,1,0
BRDA:46,10,0,1
BRDA:46,10,1,0
BRDA:58,11,0,0
BRDA:58,11,1,1
BRDA:68,12,0,1
BRDA:68,12,1,1
BRDA:69,13,0,1
BRDA:69,13,1,0
BRDA:74,14,0,0
BRDA:74,14,1,1
BRDA:74,15,0,1
BRDA:74,15,1,1
BRDA:77,16,0,1
BRDA:77,16,1,0
BRDA:78,17,0,2
BRDA:78,17,1,0
BRDA:97,18,0,1
BRDA:97,18,1,0
BRDA:107,19,0,0
BRDA:107,19,1,2
BRDA:110,20,0,1
BRDA:110,20,1,1
BRDA:110,21,0,2
BRDA:110,21,1,2
BRDA:129,22,0,0
BRDA:129,22,1,1
BRDA:143,23,0,0
BRDA:143,23,1,1
BRDA:146,24,0,0
BRDA:146,24,1,1
BRDA:146,25,0,1
BRDA:146,25,1,1
BRDA:162,26,0,0
BRDA:162,26,1,1
BRDA:197,27,0,0
BRDA:197,27,1,1
BRF:56
BRH:36
end_of_record
TN:
SF:services/notifications.ts
FN:2,requestNotificationPermission
FN:25,sendLocalNotification
FNF:2
FNH:2
FNDA:4,requestNotificationPermission
FNDA:3,sendLocalNotification
DA:3,4
DA:4,0
DA:5,0
DA:8,4
DA:9,1
DA:12,3
DA:13,2
DA:14,2
DA:15,1
DA:17,1
DA:18,1
DA:22,1
DA:26,3
DA:27,2
DA:28,2
DA:36,2
DA:38,1
LF:17
LH:15
BRDA:3,0,0,0
BRDA:3,0,1,4
BRDA:8,1,0,1
BRDA:8,1,1,3
BRDA:12,2,0,2
BRDA:12,2,1,1
BRDA:26,3,0,2
BRDA:26,3,1,1
BRF:8
BRH:7
end_of_record
